<?xml version="1.0" encoding="UTF-8"?>
<!-- Generated by org.testng.reporters.JUnitReportReporter -->
<testsuite ignored="0" hostname="DESKTOP-RTJBO88" failures="0" tests="1" name="October.octoberlatest.logintest" time="16.762" errors="0" timestamp="12 Sep 2024 19:22:44 GMT" skipped="0">
  <testcase classname="October.octoberlatest.logintest" name="loginTest" time="16.762"/>
</testsuite> <!-- October.octoberlatest.logintest -->
