<?xml version="1.0" encoding="UTF-8"?>
<!-- Generated by org.testng.reporters.JUnitReportReporter -->
<testsuite hostname="DESKTOP-RTJBO88" failures="0" tests="1" name="selpractice.newselpractice.Autoroxlogin" time="31.321" errors="0" timestamp="14 Sep 2024 09:18:01 GMT">
  <testcase classname="selpractice.newselpractice.Autoroxlogin" name="axlogin" time="31.321"/>
</testsuite> <!-- selpractice.newselpractice.Autoroxlogin -->
